<?xml version="1.0" encoding="UTF-8"?>
<!-- Generated by org.testng.reporters.JUnitXMLReporter -->
<testsuite ignored="0" hostname="DESKTOP-BJ49A8N" failures="1" tests="4" name="forgot password" time="0.039" errors="0" timestamp="2022-06-28T14:25:17 IST">
  <testcase classname="TestNGTestCases.Tetscas3" name="doUserReg" time="0.003">
    <failure type="java.lang.AssertionError" message="User not registered successfully">
      <![CDATA[java.lang.AssertionError: User not registered successfully
at TestNGTestCases.Tetscas3.doUserReg(Tetscas3.java:12)
at java.base/java.util.ArrayList.forEach(ArrayList.java:1511)
... Removed 28 stack frames]]>
    </failure>
  </testcase> <!-- doUserReg -->
  <testcase classname="TestNGTestCases.Tetscas3" name="doLogin" time="0.0">
    <skipped/>
  </testcase> <!-- doLogin -->
  <testcase classname="TestNGTestCases.Tetscas3" name="thirdTest" time="0.001"/>
  <testcase classname="TestNGTestCases.Tetscas3" name="fourthTest" time="0.001"/>
</testsuite> <!-- forgot password -->
