<?xml version="1.0" encoding="UTF-8"?>
<!-- Generated by org.testng.reporters.JUnitXMLReporter -->
<testsuite ignored="4" hostname="DESKTOP-BJ49A8N" failures="0" tests="0" time="0.003" errors="0" timestamp="2022-06-28T14:02:10 IST">
  <testcase classname="TestNGTestCases.Tetscas3" name="doLogin" time="0.0">
    <ignored/>
  </testcase> <!-- doLogin -->
  <testcase classname="TestNGTestCases.Tetscas3" name="fourthTest" time="0.0">
    <ignored/>
  </testcase> <!-- fourthTest -->
  <testcase classname="TestNGTestCases.Tetscas3" name="doUserReg" time="0.0">
    <ignored/>
  </testcase> <!-- doUserReg -->
  <testcase classname="TestNGTestCases.Tetscas3" name="thirdTest" time="0.0">
    <ignored/>
  </testcase> <!-- thirdTest -->
</testsuite>
