<?xml version="1.0" encoding="UTF-8"?>
<testng-results ignored="0" total="1" passed="1" failed="0" skipped="0">
  <reporter-output>
  </reporter-output>
  <suite started-at="2022-06-28T15:22:59 IST" name="Suite" finished-at="2022-06-28T15:22:59 IST" duration-ms="103">
    <groups>
    </groups>
    <test started-at="2022-06-28T15:22:59 IST" name="Registration" finished-at="2022-06-28T15:22:59 IST" duration-ms="103">
      <class name="TestNGParameterizationthroughxmlfile.TestParametersFromXML">
        <test-method signature="geturl(java.lang.String)[pri:0, instance:TestNGParameterizationthroughxmlfile.TestParametersFromXML@1da2cb77]" started-at="2022-06-28T15:22:59 IST" name="geturl" finished-at="2022-06-28T15:22:59 IST" duration-ms="13" status="PASS">
          <params>
            <param index="0">
              <value>
                <![CDATA[www.amazon.in]]>
              </value>
            </param>
          </params>
          <reporter-output>
          </reporter-output>
        </test-method> <!-- geturl -->
      </class> <!-- TestNGParameterizationthroughxmlfile.TestParametersFromXML -->
    </test> <!-- Registration -->
  </suite> <!-- Suite -->
</testng-results>
